

[main.py] eval_samples:  2
[main.py] eval_batch_size:  1

 2
in main.pu <dataloader.input_reader.InputFn object at 0x7fe94f13e280> 2 /Users/gsq/Desktop/tpu/models/official/detection/projects/vild/1mode_dir/model.ckpt-180000
tpu_executor.py  <dataloader.input_reader.InputFn object at 0x7fe94f13e280> 2 /Users/gsq/Desktop/tpu/models/official/detection/projects/vild/1mode_dir/model.ckpt-180000
[tpu exe file] predictor:  <generator object Estimator.predict at 0x7fe8fe3e33c0>
[tpu exe file] losses:  defaultdict(<function TpuExecutor.evaluate.<locals>.<lambda> at 0x7fe94f3945e0>, {})
GOTO TRY
2
HERE
[tpu exe file] in eval before iter the predictor:  <generator object Estimator.predict at 0x7fe8fe3e33c0>


in vild/modeling/vild_model.py 2 values:  {5: <tf.Tensor 'fpn/p5-bn/FusedBatchNormV3:0' shape=(256, 32, 32, 256) dtype=float32>, 4: <tf.Tensor 'fpn/p4-bn/FusedBatchNormV3:0' shape=(256, 64, 64, 256) dtype=float32>, 3: <tf.Tensor 'fpn/p3-bn/FusedBatchNormV3:0' shape=(256, 128, 128, 256) dtype=float32>, 2: <tf.Tensor 'fpn/p2-bn/FusedBatchNormV3:0' shape=(256, 256, 256, 256) dtype=float32>, 6: <tf.Tensor 'fpn/p6-bn/FusedBatchNormV3:0' shape=(256, 16, 16, 256) dtype=float32>} Tensor("multilevel_propose_rois/top_k_rois/top_k_boxes/GatherNd:0", shape=(256, 1000, 4), dtype=float32) 



in detection/ops/spatial_transform_ops.py spatial_ 3 values:  [256, 1000, 4] 





in vild_head.py, loaded_numpy(classifier_weight):  [[ 0.00918696 -0.01942221  0.00935303 ... -0.00481554 -0.00783729
   0.00629095]
 [ 0.00458627  0.00610752  0.0194793  ... -0.00389748  0.03009783
  -0.00794343]
 [-0.00444302 -0.01789646 -0.00468035 ... -0.01106111  0.00856247
  -0.04116151]
 ...
 [ 0.02362107  0.03653518  0.0308877  ...  0.02747899  0.02206166
  -0.03391546]
 [-0.03596688 -0.0158033  -0.02979267 ... -0.04643608  0.02785332
  -0.01264418]
 [ 0.01823278 -0.03094517 -0.00746844 ... -0.05280263  0.04075921
  -0.01062179]]
box_outputs: Tensor("frcnn_layer_0/fast_rcnn_head/box-predict/BiasAdd:0", shape=(256, 1000, 4), dtype=float32)
class_outputs: Tensor("frcnn_layer_0/fast_rcnn_head/mul:0", shape=(256, 1000, 9), dtype=float32)
(256, 1000, 8)
256
in vild/ops/postprocess_ops.py  batchsize: [ 0  in  256 ]
in vild/ops/postprocess_ops.py  batchsize: [ 1  in  256 ]
in vild/ops/postprocess_ops.py  batchsize: [ 2  in  256 ]
in vild/ops/postprocess_ops.py  batchsize: [ 3  in  256 ]
in vild/ops/postprocess_ops.py  batchsize: [ 4  in  256 ]
in vild/ops/postprocess_ops.py  batchsize: [ 5  in  256 ]
in vild/ops/postprocess_ops.py  batchsize: [ 6  in  256 ]
in vild/ops/postprocess_ops.py  batchsize: [ 7  in  256 ]
in vild/ops/postprocess_ops.py  batchsize: [ 8  in  256 ]
in vild/ops/postprocess_ops.py  batchsize: [ 9  in  256 ]
in vild/ops/postprocess_ops.py  batchsize: [ 10  in  256 ]
in vild/ops/postprocess_ops.py  batchsize: [ 11  in  256 ]
in vild/ops/postprocess_ops.py  batchsize: [ 12  in  256 ]
in vild/ops/postprocess_ops.py  batchsize: [ 13  in  256 ]
in vild/ops/postprocess_ops.py  batchsize: [ 14  in  256 ]
in vild/ops/postprocess_ops.py  batchsize: [ 15  in  256 ]
in vild/ops/postprocess_ops.py  batchsize: [ 16  in  256 ]
in vild/ops/postprocess_ops.py  batchsize: [ 17  in  256 ]
in vild/ops/postprocess_ops.py  batchsize: [ 18  in  256 ]
in vild/ops/postprocess_ops.py  batchsize: [ 19  in  256 ]
in vild/ops/postprocess_ops.py  batchsize: [ 20  in  256 ]
in vild/ops/postprocess_ops.py  batchsize: [ 21  in  256 ]
in vild/ops/postprocess_ops.py  batchsize: [ 22  in  256 ]
in vild/ops/postprocess_ops.py  batchsize: [ 23  in  256 ]
in vild/ops/postprocess_ops.py  batchsize: [ 24  in  256 ]
in vild/ops/postprocess_ops.py  batchsize: [ 25  in  256 ]
in vild/ops/postprocess_ops.py  batchsize: [ 26  in  256 ]
in vild/ops/postprocess_ops.py  batchsize: [ 27  in  256 ]
in vild/ops/postprocess_ops.py  batchsize: [ 28  in  256 ]
in vild/ops/postprocess_ops.py  batchsize: [ 29  in  256 ]
in vild/ops/postprocess_ops.py  batchsize: [ 30  in  256 ]
in vild/ops/postprocess_ops.py  batchsize: [ 31  in  256 ]
in vild/ops/postprocess_ops.py  batchsize: [ 32  in  256 ]
in vild/ops/postprocess_ops.py  batchsize: [ 33  in  256 ]
in vild/ops/postprocess_ops.py  batchsize: [ 34  in  256 ]
in vild/ops/postprocess_ops.py  batchsize: [ 35  in  256 ]
in vild/ops/postprocess_ops.py  batchsize: [ 36  in  256 ]
in vild/ops/postprocess_ops.py  batchsize: [ 37  in  256 ]
in vild/ops/postprocess_ops.py  batchsize: [ 38  in  256 ]
in vild/ops/postprocess_ops.py  batchsize: [ 39  in  256 ]
in vild/ops/postprocess_ops.py  batchsize: [ 40  in  256 ]
in vild/ops/postprocess_ops.py  batchsize: [ 41  in  256 ]
in vild/ops/postprocess_ops.py  batchsize: [ 42  in  256 ]
in vild/ops/postprocess_ops.py  batchsize: [ 43  in  256 ]
in vild/ops/postprocess_ops.py  batchsize: [ 44  in  256 ]
in vild/ops/postprocess_ops.py  batchsize: [ 45  in  256 ]
in vild/ops/postprocess_ops.py  batchsize: [ 46  in  256 ]
in vild/ops/postprocess_ops.py  batchsize: [ 47  in  256 ]
in vild/ops/postprocess_ops.py  batchsize: [ 48  in  256 ]
in vild/ops/postprocess_ops.py  batchsize: [ 49  in  256 ]
in vild/ops/postprocess_ops.py  batchsize: [ 50  in  256 ]
in vild/ops/postprocess_ops.py  batchsize: [ 51  in  256 ]
in vild/ops/postprocess_ops.py  batchsize: [ 52  in  256 ]
in vild/ops/postprocess_ops.py  batchsize: [ 53  in  256 ]
in vild/ops/postprocess_ops.py  batchsize: [ 54  in  256 ]
in vild/ops/postprocess_ops.py  batchsize: [ 55  in  256 ]
in vild/ops/postprocess_ops.py  batchsize: [ 56  in  256 ]
in vild/ops/postprocess_ops.py  batchsize: [ 57  in  256 ]
in vild/ops/postprocess_ops.py  batchsize: [ 58  in  256 ]
in vild/ops/postprocess_ops.py  batchsize: [ 59  in  256 ]
in vild/ops/postprocess_ops.py  batchsize: [ 60  in  256 ]
in vild/ops/postprocess_ops.py  batchsize: [ 61  in  256 ]
in vild/ops/postprocess_ops.py  batchsize: [ 62  in  256 ]
in vild/ops/postprocess_ops.py  batchsize: [ 63  in  256 ]
in vild/ops/postprocess_ops.py  batchsize: [ 64  in  256 ]
in vild/ops/postprocess_ops.py  batchsize: [ 65  in  256 ]
in vild/ops/postprocess_ops.py  batchsize: [ 66  in  256 ]
in vild/ops/postprocess_ops.py  batchsize: [ 67  in  256 ]
in vild/ops/postprocess_ops.py  batchsize: [ 68  in  256 ]
in vild/ops/postprocess_ops.py  batchsize: [ 69  in  256 ]
in vild/ops/postprocess_ops.py  batchsize: [ 70  in  256 ]
in vild/ops/postprocess_ops.py  batchsize: [ 71  in  256 ]
in vild/ops/postprocess_ops.py  batchsize: [ 72  in  256 ]
in vild/ops/postprocess_ops.py  batchsize: [ 73  in  256 ]
in vild/ops/postprocess_ops.py  batchsize: [ 74  in  256 ]
in vild/ops/postprocess_ops.py  batchsize: [ 75  in  256 ]
in vild/ops/postprocess_ops.py  batchsize: [ 76  in  256 ]
in vild/ops/postprocess_ops.py  batchsize: [ 77  in  256 ]
in vild/ops/postprocess_ops.py  batchsize: [ 78  in  256 ]
in vild/ops/postprocess_ops.py  batchsize: [ 79  in  256 ]
in vild/ops/postprocess_ops.py  batchsize: [ 80  in  256 ]
in vild/ops/postprocess_ops.py  batchsize: [ 81  in  256 ]
in vild/ops/postprocess_ops.py  batchsize: [ 82  in  256 ]
in vild/ops/postprocess_ops.py  batchsize: [ 83  in  256 ]
in vild/ops/postprocess_ops.py  batchsize: [ 84  in  256 ]
in vild/ops/postprocess_ops.py  batchsize: [ 85  in  256 ]
in vild/ops/postprocess_ops.py  batchsize: [ 86  in  256 ]
in vild/ops/postprocess_ops.py  batchsize: [ 87  in  256 ]
in vild/ops/postprocess_ops.py  batchsize: [ 88  in  256 ]
in vild/ops/postprocess_ops.py  batchsize: [ 89  in  256 ]
in vild/ops/postprocess_ops.py  batchsize: [ 90  in  256 ]
in vild/ops/postprocess_ops.py  batchsize: [ 91  in  256 ]
in vild/ops/postprocess_ops.py  batchsize: [ 92  in  256 ]
in vild/ops/postprocess_ops.py  batchsize: [ 93  in  256 ]
in vild/ops/postprocess_ops.py  batchsize: [ 94  in  256 ]
in vild/ops/postprocess_ops.py  batchsize: [ 95  in  256 ]
in vild/ops/postprocess_ops.py  batchsize: [ 96  in  256 ]
in vild/ops/postprocess_ops.py  batchsize: [ 97  in  256 ]
in vild/ops/postprocess_ops.py  batchsize: [ 98  in  256 ]
in vild/ops/postprocess_ops.py  batchsize: [ 99  in  256 ]
in vild/ops/postprocess_ops.py  batchsize: [ 100  in  256 ]
in vild/ops/postprocess_ops.py  batchsize: [ 101  in  256 ]
in vild/ops/postprocess_ops.py  batchsize: [ 102  in  256 ]
in vild/ops/postprocess_ops.py  batchsize: [ 103  in  256 ]
in vild/ops/postprocess_ops.py  batchsize: [ 104  in  256 ]
in vild/ops/postprocess_ops.py  batchsize: [ 105  in  256 ]
in vild/ops/postprocess_ops.py  batchsize: [ 106  in  256 ]
in vild/ops/postprocess_ops.py  batchsize: [ 107  in  256 ]
in vild/ops/postprocess_ops.py  batchsize: [ 108  in  256 ]
in vild/ops/postprocess_ops.py  batchsize: [ 109  in  256 ]
in vild/ops/postprocess_ops.py  batchsize: [ 110  in  256 ]
in vild/ops/postprocess_ops.py  batchsize: [ 111  in  256 ]
in vild/ops/postprocess_ops.py  batchsize: [ 112  in  256 ]
in vild/ops/postprocess_ops.py  batchsize: [ 113  in  256 ]
in vild/ops/postprocess_ops.py  batchsize: [ 114  in  256 ]
in vild/ops/postprocess_ops.py  batchsize: [ 115  in  256 ]
in vild/ops/postprocess_ops.py  batchsize: [ 116  in  256 ]
in vild/ops/postprocess_ops.py  batchsize: [ 117  in  256 ]
in vild/ops/postprocess_ops.py  batchsize: [ 118  in  256 ]
in vild/ops/postprocess_ops.py  batchsize: [ 119  in  256 ]
in vild/ops/postprocess_ops.py  batchsize: [ 120  in  256 ]
in vild/ops/postprocess_ops.py  batchsize: [ 121  in  256 ]
in vild/ops/postprocess_ops.py  batchsize: [ 122  in  256 ]
in vild/ops/postprocess_ops.py  batchsize: [ 123  in  256 ]
in vild/ops/postprocess_ops.py  batchsize: [ 124  in  256 ]
in vild/ops/postprocess_ops.py  batchsize: [ 125  in  256 ]
in vild/ops/postprocess_ops.py  batchsize: [ 126  in  256 ]
in vild/ops/postprocess_ops.py  batchsize: [ 127  in  256 ]
in vild/ops/postprocess_ops.py  batchsize: [ 128  in  256 ]
in vild/ops/postprocess_ops.py  batchsize: [ 129  in  256 ]
in vild/ops/postprocess_ops.py  batchsize: [ 130  in  256 ]
in vild/ops/postprocess_ops.py  batchsize: [ 131  in  256 ]
in vild/ops/postprocess_ops.py  batchsize: [ 132  in  256 ]
in vild/ops/postprocess_ops.py  batchsize: [ 133  in  256 ]
in vild/ops/postprocess_ops.py  batchsize: [ 134  in  256 ]
in vild/ops/postprocess_ops.py  batchsize: [ 135  in  256 ]
in vild/ops/postprocess_ops.py  batchsize: [ 136  in  256 ]
in vild/ops/postprocess_ops.py  batchsize: [ 137  in  256 ]
in vild/ops/postprocess_ops.py  batchsize: [ 138  in  256 ]
in vild/ops/postprocess_ops.py  batchsize: [ 139  in  256 ]
in vild/ops/postprocess_ops.py  batchsize: [ 140  in  256 ]
in vild/ops/postprocess_ops.py  batchsize: [ 141  in  256 ]
in vild/ops/postprocess_ops.py  batchsize: [ 142  in  256 ]
in vild/ops/postprocess_ops.py  batchsize: [ 143  in  256 ]
in vild/ops/postprocess_ops.py  batchsize: [ 144  in  256 ]
in vild/ops/postprocess_ops.py  batchsize: [ 145  in  256 ]
in vild/ops/postprocess_ops.py  batchsize: [ 146  in  256 ]
in vild/ops/postprocess_ops.py  batchsize: [ 147  in  256 ]
in vild/ops/postprocess_ops.py  batchsize: [ 148  in  256 ]
in vild/ops/postprocess_ops.py  batchsize: [ 149  in  256 ]
in vild/ops/postprocess_ops.py  batchsize: [ 150  in  256 ]
in vild/ops/postprocess_ops.py  batchsize: [ 151  in  256 ]
in vild/ops/postprocess_ops.py  batchsize: [ 152  in  256 ]
in vild/ops/postprocess_ops.py  batchsize: [ 153  in  256 ]
in vild/ops/postprocess_ops.py  batchsize: [ 154  in  256 ]
in vild/ops/postprocess_ops.py  batchsize: [ 155  in  256 ]
in vild/ops/postprocess_ops.py  batchsize: [ 156  in  256 ]
in vild/ops/postprocess_ops.py  batchsize: [ 157  in  256 ]
in vild/ops/postprocess_ops.py  batchsize: [ 158  in  256 ]
in vild/ops/postprocess_ops.py  batchsize: [ 159  in  256 ]
in vild/ops/postprocess_ops.py  batchsize: [ 160  in  256 ]
in vild/ops/postprocess_ops.py  batchsize: [ 161  in  256 ]
in vild/ops/postprocess_ops.py  batchsize: [ 162  in  256 ]
in vild/ops/postprocess_ops.py  batchsize: [ 163  in  256 ]
in vild/ops/postprocess_ops.py  batchsize: [ 164  in  256 ]
in vild/ops/postprocess_ops.py  batchsize: [ 165  in  256 ]
in vild/ops/postprocess_ops.py  batchsize: [ 166  in  256 ]
in vild/ops/postprocess_ops.py  batchsize: [ 167  in  256 ]
in vild/ops/postprocess_ops.py  batchsize: [ 168  in  256 ]
in vild/ops/postprocess_ops.py  batchsize: [ 169  in  256 ]
in vild/ops/postprocess_ops.py  batchsize: [ 170  in  256 ]
in vild/ops/postprocess_ops.py  batchsize: [ 171  in  256 ]
in vild/ops/postprocess_ops.py  batchsize: [ 172  in  256 ]
in vild/ops/postprocess_ops.py  batchsize: [ 173  in  256 ]
in vild/ops/postprocess_ops.py  batchsize: [ 174  in  256 ]
in vild/ops/postprocess_ops.py  batchsize: [ 175  in  256 ]
in vild/ops/postprocess_ops.py  batchsize: [ 176  in  256 ]
in vild/ops/postprocess_ops.py  batchsize: [ 177  in  256 ]
in vild/ops/postprocess_ops.py  batchsize: [ 178  in  256 ]
in vild/ops/postprocess_ops.py  batchsize: [ 179  in  256 ]
in vild/ops/postprocess_ops.py  batchsize: [ 180  in  256 ]
in vild/ops/postprocess_ops.py  batchsize: [ 181  in  256 ]
in vild/ops/postprocess_ops.py  batchsize: [ 182  in  256 ]
in vild/ops/postprocess_ops.py  batchsize: [ 183  in  256 ]
in vild/ops/postprocess_ops.py  batchsize: [ 184  in  256 ]
in vild/ops/postprocess_ops.py  batchsize: [ 185  in  256 ]
in vild/ops/postprocess_ops.py  batchsize: [ 186  in  256 ]
in vild/ops/postprocess_ops.py  batchsize: [ 187  in  256 ]
in vild/ops/postprocess_ops.py  batchsize: [ 188  in  256 ]
in vild/ops/postprocess_ops.py  batchsize: [ 189  in  256 ]
in vild/ops/postprocess_ops.py  batchsize: [ 190  in  256 ]
in vild/ops/postprocess_ops.py  batchsize: [ 191  in  256 ]
in vild/ops/postprocess_ops.py  batchsize: [ 192  in  256 ]
in vild/ops/postprocess_ops.py  batchsize: [ 193  in  256 ]
in vild/ops/postprocess_ops.py  batchsize: [ 194  in  256 ]
in vild/ops/postprocess_ops.py  batchsize: [ 195  in  256 ]
in vild/ops/postprocess_ops.py  batchsize: [ 196  in  256 ]
in vild/ops/postprocess_ops.py  batchsize: [ 197  in  256 ]
in vild/ops/postprocess_ops.py  batchsize: [ 198  in  256 ]
in vild/ops/postprocess_ops.py  batchsize: [ 199  in  256 ]
in vild/ops/postprocess_ops.py  batchsize: [ 200  in  256 ]
in vild/ops/postprocess_ops.py  batchsize: [ 201  in  256 ]
in vild/ops/postprocess_ops.py  batchsize: [ 202  in  256 ]
in vild/ops/postprocess_ops.py  batchsize: [ 203  in  256 ]
in vild/ops/postprocess_ops.py  batchsize: [ 204  in  256 ]
in vild/ops/postprocess_ops.py  batchsize: [ 205  in  256 ]
in vild/ops/postprocess_ops.py  batchsize: [ 206  in  256 ]
in vild/ops/postprocess_ops.py  batchsize: [ 207  in  256 ]
in vild/ops/postprocess_ops.py  batchsize: [ 208  in  256 ]
in vild/ops/postprocess_ops.py  batchsize: [ 209  in  256 ]
in vild/ops/postprocess_ops.py  batchsize: [ 210  in  256 ]
in vild/ops/postprocess_ops.py  batchsize: [ 211  in  256 ]
in vild/ops/postprocess_ops.py  batchsize: [ 212  in  256 ]
in vild/ops/postprocess_ops.py  batchsize: [ 213  in  256 ]
in vild/ops/postprocess_ops.py  batchsize: [ 214  in  256 ]
in vild/ops/postprocess_ops.py  batchsize: [ 215  in  256 ]
in vild/ops/postprocess_ops.py  batchsize: [ 216  in  256 ]
in vild/ops/postprocess_ops.py  batchsize: [ 217  in  256 ]
in vild/ops/postprocess_ops.py  batchsize: [ 218  in  256 ]
in vild/ops/postprocess_ops.py  batchsize: [ 219  in  256 ]
in vild/ops/postprocess_ops.py  batchsize: [ 220  in  256 ]
in vild/ops/postprocess_ops.py  batchsize: [ 221  in  256 ]
in vild/ops/postprocess_ops.py  batchsize: [ 222  in  256 ]
in vild/ops/postprocess_ops.py  batchsize: [ 223  in  256 ]
in vild/ops/postprocess_ops.py  batchsize: [ 224  in  256 ]
in vild/ops/postprocess_ops.py  batchsize: [ 225  in  256 ]
in vild/ops/postprocess_ops.py  batchsize: [ 226  in  256 ]
in vild/ops/postprocess_ops.py  batchsize: [ 227  in  256 ]
in vild/ops/postprocess_ops.py  batchsize: [ 228  in  256 ]
in vild/ops/postprocess_ops.py  batchsize: [ 229  in  256 ]
in vild/ops/postprocess_ops.py  batchsize: [ 230  in  256 ]
in vild/ops/postprocess_ops.py  batchsize: [ 231  in  256 ]
in vild/ops/postprocess_ops.py  batchsize: [ 232  in  256 ]
in vild/ops/postprocess_ops.py  batchsize: [ 233  in  256 ]
in vild/ops/postprocess_ops.py  batchsize: [ 234  in  256 ]
in vild/ops/postprocess_ops.py  batchsize: [ 235  in  256 ]
in vild/ops/postprocess_ops.py  batchsize: [ 236  in  256 ]
in vild/ops/postprocess_ops.py  batchsize: [ 237  in  256 ]
in vild/ops/postprocess_ops.py  batchsize: [ 238  in  256 ]
in vild/ops/postprocess_ops.py  batchsize: [ 239  in  256 ]
in vild/ops/postprocess_ops.py  batchsize: [ 240  in  256 ]
in vild/ops/postprocess_ops.py  batchsize: [ 241  in  256 ]
in vild/ops/postprocess_ops.py  batchsize: [ 242  in  256 ]
in vild/ops/postprocess_ops.py  batchsize: [ 243  in  256 ]
in vild/ops/postprocess_ops.py  batchsize: [ 244  in  256 ]
in vild/ops/postprocess_ops.py  batchsize: [ 245  in  256 ]
in vild/ops/postprocess_ops.py  batchsize: [ 246  in  256 ]
in vild/ops/postprocess_ops.py  batchsize: [ 247  in  256 ]
in vild/ops/postprocess_ops.py  batchsize: [ 248  in  256 ]
in vild/ops/postprocess_ops.py  batchsize: [ 249  in  256 ]
in vild/ops/postprocess_ops.py  batchsize: [ 250  in  256 ]
in vild/ops/postprocess_ops.py  batchsize: [ 251  in  256 ]
in vild/ops/postprocess_ops.py  batchsize: [ 252  in  256 ]
in vild/ops/postprocess_ops.py  batchsize: [ 253  in  256 ]
in vild/ops/postprocess_ops.py  batchsize: [ 254  in  256 ]
in vild/ops/postprocess_ops.py  batchsize: [ 255  in  256 ]
nmsed_boxes(detection_boxed) in vild/ops/postprocess...: Tensor("stack:0", shape=(256, 300, 4), dtype=float32)
detection_results: {'num_detections': <tf.Tensor 'stack_3:0' shape=(256,) dtype=int32>, 'detection_boxes': <tf.Tensor 'stack:0' shape=(256, 300, 4) dtype=float32>, 'detection_classes': <tf.Tensor 'add:0' shape=(256, 300) dtype=int32>, 'detection_scores': <tf.Tensor 'stack_1:0' shape=(256, 300) dtype=float32>}


in detection/ops/spatial_transform_ops.py spatial_ 3 values:  [256, 300, 4] 


