2022-07-05 23:16:12,138 - tensorflow - INFO - in GenericDetectionGenerator, discard_background is set to False
2022-07-05 23:16:12,139 - tensorflow - INFO - gpu devices: []
2022-07-05 23:16:12,140 - tensorflow - WARNING - There are non-GPU devices in `tf.distribute.Strategy`, not using nccl allreduce.
2022-07-05 23:16:12,154 - tensorflow - INFO - Using MirroredStrategy with devices ('/job:localhost/replica:0/task:0/device:CPU:0',)
2022-07-05 23:16:12,156 - tensorflow - INFO - Number of devices: 1
2022-07-05 23:16:12,247 - tensorflow - INFO - Initializing RunConfig with distribution strategies.
2022-07-05 23:16:12,247 - tensorflow - INFO - Not using Distribute Coordinator.
2022-07-05 23:16:12,251 - tensorflow - INFO - Using config: {'_model_dir': '/Users/gsq/Desktop/tpu/models/official/detection/projects/vild/1mode_dir/', '_tf_random_seed': None, '_save_summary_steps': 100, '_save_checkpoints_steps': None, '_save_checkpoints_secs': 600, '_session_config': allow_soft_placement: true
graph_options {
  rewrite_options {
    meta_optimizer_iterations: ONE
  }
}
, '_keep_checkpoint_max': 5, '_keep_checkpoint_every_n_hours': 10000, '_log_step_count_steps': 100, '_train_distribute': <tensorflow.python.distribute.mirrored_strategy.MirroredStrategyV1 object at 0x7fe35c9d04c0>, '_device_fn': None, '_protocol': None, '_eval_distribute': None, '_experimental_distribute': None, '_experimental_max_worker_delay_secs': None, '_session_creation_timeout_secs': 7200, '_checkpoint_save_graph_def': True, '_service': None, '_cluster_spec': ClusterSpec({}), '_task_type': 'worker', '_task_id': 0, '_global_id_in_cluster': 0, '_master': '', '_evaluation_master': '', '_is_chief': True, '_num_ps_replicas': 0, '_num_worker_replicas': 1, '_distribute_coordinator_mode': None}
2022-07-05 23:16:12,253 - tensorflow - INFO - Waiting for new checkpoint at /Users/gsq/Desktop/tpu/models/official/detection/projects/vild/1mode_dir/
2022-07-05 23:16:12,254 - tensorflow - INFO - Found new checkpoint at /Users/gsq/Desktop/tpu/models/official/detection/projects/vild/1mode_dir/model.ckpt-180000
2022-07-05 23:16:18,367 - tensorflow - WARNING - From /Users/gsq/Desktop/tpu/models/official/detection/dataloader/input_reader.py:50: parallel_interleave (from tensorflow.python.data.experimental.ops.interleave_ops) is deprecated and will be removed in a future version.
Instructions for updating:
Use `tf.data.Dataset.interleave(map_func, cycle_length, block_length, num_parallel_calls=tf.data.AUTOTUNE)` instead. If sloppy execution is desired, use `tf.data.Options.deterministic`.
2022-07-05 23:16:19,157 - tensorflow - WARNING - From /Applications/anaconda3/envs/zeroShot/lib/python3.9/site-packages/tensorflow/python/autograph/impl/api.py:464: calling map_fn (from tensorflow.python.ops.map_fn) with dtype is deprecated and will be removed in a future version.
Instructions for updating:
Use fn_output_signature instead
2022-07-05 23:16:20,492 - tensorflow - INFO - Calling model_fn.
2022-07-05 23:16:25,103 - tensorflow - WARNING - From /Applications/anaconda3/envs/zeroShot/lib/python3.9/site-packages/tensorflow/python/util/dispatch.py:1086: div (from tensorflow.python.ops.math_ops) is deprecated and will be removed in a future version.
Instructions for updating:
Deprecated in favor of operator or tf.math.divide.
2022-07-05 23:16:25,805 - tensorflow - INFO - visual: Tensor("frcnn_layer_0/fast_rcnn_head/project-to-clip/BiasAdd:0", shape=(256, 1000, 512), dtype=float32)
2022-07-05 23:16:25,807 - tensorflow - INFO - visual_norm: Tensor("frcnn_layer_0/fast_rcnn_head/visual_norm/Sqrt:0", shape=(256, 1000, 1), dtype=float32)
2022-07-05 23:16:25,816 - tensorflow - INFO - loaded_numpy.shape: (512, 8); clip dim: 512; num_classes: 9
2022-07-05 23:16:25,837 - tensorflow - INFO - classifier_norm: Tensor("frcnn_layer_0/fast_rcnn_head/norm/Squeeze:0", shape=(8,), dtype=float32)
2022-07-05 23:16:25,868 - tensorflow - INFO - bg_classifier: <tf.Variable 'frcnn_layer_0/fast_rcnn_head/background-class-predict/kernel:0' shape=(512, 1) dtype=float32>
2022-07-05 23:16:25,871 - tensorflow - INFO - bg_classifier_norm: Tensor("frcnn_layer_0/fast_rcnn_head/norm_1/Squeeze:0", shape=(1,), dtype=float32)
2022-07-05 23:17:17,563 - tensorflow - WARNING - From /Applications/anaconda3/envs/zeroShot/lib/python3.9/site-packages/tensorflow/python/profiler/internal/flops_registry.py:138: tensor_shape_from_node_def_name (from tensorflow.python.framework.graph_util_impl) is deprecated and will be removed in a future version.
Instructions for updating:
Use `tf.compat.v1.graph_util.tensor_shape_from_node_def_name`
2022-07-05 23:17:27,529 - tensorflow - WARNING - From /Users/gsq/Desktop/tpu/models/official/detection/modeling/base_model.py:437: The name tf.estimator.tpu.TPUEstimatorSpec is deprecated. Please use tf.compat.v1.estimator.tpu.TPUEstimatorSpec instead.

2022-07-05 23:17:27,530 - tensorflow - INFO - Done calling model_fn.
2022-07-05 23:17:27,975 - tensorflow - INFO - Graph was finalized.
2022-07-05 23:17:27,977 - tensorflow - INFO - Restoring parameters from /Users/gsq/Desktop/tpu/models/official/detection/projects/vild/1mode_dir/model.ckpt-180000
2022-07-05 23:17:32,531 - tensorflow - INFO - Running local_init_op.
2022-07-05 23:17:33,117 - tensorflow - INFO - Done running local_init_op.
